2024-01-23 19:26:06 - tensorflow - Falling back to TensorFlow client; we recommended you install the Cloud TPU client directly with pip install cloud-tpu-client.
2024-01-23 19:26:07 - h5py._conv - Creating converter from 7 to 5
2024-01-23 19:26:07 - h5py._conv - Creating converter from 5 to 7
2024-01-23 19:26:07 - h5py._conv - Creating converter from 7 to 5
2024-01-23 19:26:07 - h5py._conv - Creating converter from 5 to 7
2024-01-23 19:26:11 - fsspec.local - open file: /home/paulius/projects/fact/factai/lightning_logs/version_47482295457342411543800303662309855831/checkpoints/epoch=0-step=2.ckpt
2024-01-23 19:26:13 - fsspec.local - open file: /home/paulius/projects/fact/factai/lightning_logs/version_47482295457342411543800303662309855831/checkpoints/epoch=1-step=4.ckpt
2024-01-23 19:26:16 - fsspec.local - open file: /home/paulius/projects/fact/factai/lightning_logs/version_47482295457342411543800303662309855831/checkpoints/epoch=2-step=6.ckpt
2024-01-23 19:26:18 - fsspec.local - open file: /home/paulius/projects/fact/factai/lightning_logs/version_47482295457342411543800303662309855831/checkpoints/epoch=3-step=8.ckpt
2024-01-23 19:26:21 - fsspec.local - open file: /home/paulius/projects/fact/factai/lightning_logs/version_47482295457342411543800303662309855831/checkpoints/epoch=4-step=10.ckpt
2024-01-23 19:26:23 - fsspec.local - open file: /home/paulius/projects/fact/factai/lightning_logs/version_47482295457342411543800303662309855831/checkpoints/epoch=5-step=12.ckpt
2024-01-23 19:26:25 - fsspec.local - open file: /home/paulius/projects/fact/factai/lightning_logs/version_47482295457342411543800303662309855831/checkpoints/epoch=6-step=14.ckpt
2024-01-23 19:26:28 - fsspec.local - open file: /home/paulius/projects/fact/factai/lightning_logs/version_47482295457342411543800303662309855831/checkpoints/epoch=7-step=16.ckpt
2024-01-23 19:26:30 - fsspec.local - open file: /home/paulius/projects/fact/factai/lightning_logs/version_47482295457342411543800303662309855831/checkpoints/epoch=8-step=18.ckpt
2024-01-23 19:26:32 - fsspec.local - open file: /home/paulius/projects/fact/factai/lightning_logs/version_47482295457342411543800303662309855831/checkpoints/epoch=9-step=20-v2.ckpt
2024-01-23 19:26:34 - fsspec.local - open file: /home/paulius/projects/fact/factai/lightning_logs/version_47482295457342411543800303662309855831/checkpoints/epoch=10-step=22.ckpt
2024-01-23 19:26:36 - fsspec.local - open file: /home/paulius/projects/fact/factai/lightning_logs/version_47482295457342411543800303662309855831/checkpoints/epoch=11-step=24.ckpt
2024-01-23 19:26:38 - fsspec.local - open file: /home/paulius/projects/fact/factai/lightning_logs/version_47482295457342411543800303662309855831/checkpoints/epoch=12-step=26.ckpt
2024-01-23 19:26:41 - fsspec.local - open file: /home/paulius/projects/fact/factai/lightning_logs/version_47482295457342411543800303662309855831/checkpoints/epoch=13-step=28.ckpt
2024-01-23 19:26:43 - fsspec.local - open file: /home/paulius/projects/fact/factai/lightning_logs/version_47482295457342411543800303662309855831/checkpoints/epoch=14-step=30.ckpt
2024-01-23 19:26:45 - fsspec.local - open file: /home/paulius/projects/fact/factai/lightning_logs/version_47482295457342411543800303662309855831/checkpoints/epoch=15-step=32.ckpt
2024-01-23 19:26:47 - fsspec.local - open file: /home/paulius/projects/fact/factai/lightning_logs/version_47482295457342411543800303662309855831/checkpoints/epoch=16-step=34.ckpt
2024-01-23 19:26:49 - fsspec.local - open file: /home/paulius/projects/fact/factai/lightning_logs/version_47482295457342411543800303662309855831/checkpoints/epoch=17-step=36.ckpt
2024-01-23 19:26:51 - fsspec.local - open file: /home/paulius/projects/fact/factai/lightning_logs/version_47482295457342411543800303662309855831/checkpoints/epoch=18-step=38.ckpt
2024-01-23 19:26:54 - fsspec.local - open file: /home/paulius/projects/fact/factai/lightning_logs/version_47482295457342411543800303662309855831/checkpoints/epoch=19-step=40.ckpt
2024-01-23 19:33:03 - root - data, tensor([-0.6597,  0.5317,  0.6904,  0.7502, -0.2435,  0.1740,  0.8609, -0.3117,
         0.4814,  0.1802,  0.1772,  0.8380, -0.0288,  0.4137, -0.3721, -1.5063,
         1.7135,  0.0658,  0.0392, -0.7185])
2024-01-23 19:33:55 - root - _attr, tensor([0.2058, 0.2241, 0.2135, 0.2108, 0.2112, 0.2109, 0.2100, 0.2156, 0.2053,
        0.2138, 0.2122, 0.2215, 0.2187, 0.2236, 0.2191, 0.2076, 0.2040, 0.2188,
        0.2194, 0.2192])
2024-01-23 19:33:55 - root - mask.net.mask, tensor([0.2058, 0.2241, 0.2135, 0.2108, 0.2112, 0.2109, 0.2100, 0.2156, 0.2053,
        0.2138, 0.2122, 0.2215, 0.2187, 0.2236, 0.2191, 0.2076, 0.2040, 0.2188,
        0.2194, 0.2192], grad_fn=<SliceBackward0>)
2024-01-23 19:33:55 - root - true_saliency, tensor([0, 0, 0, 0, 0, 0, 0, 0, 0, 0, 0, 0, 0, 0, 0, 0, 0, 0, 0, 0])
